Executing tasks: [:app:generateDebugSources, :app:generateDebugAndroidTestSources, :app:mockableAndroidJar]

Configuration on demand is an incubating feature.
Configuration 'compile' in project ':app' is deprecated. Use 'implementation' instead.
google-services plugin could not detect any version for com.google.android.gms or com.google.firebase, default version: 9.0.0 will be used.
please apply google-services plugin at the bottom of the build file.
Configuration 'androidTestCompile' in project ':app' is deprecated. Use 'androidTestImplementation' instead.
registerResGeneratingTask is deprecated, use registerGeneratedFolders(FileCollection)
registerResGeneratingTask is deprecated, use registerGeneratedFolders(FileCollection)
:app:preBuild UP-TO-DATE
:app:preDebugBuild
:app:compileDebugAidl UP-TO-DATE
:app:compileDebugRenderscript UP-TO-DATE
:app:checkDebugManifest UP-TO-DATE
:app:generateDebugBuildConfig UP-TO-DATE
:app:prepareLintJar UP-TO-DATE
:app:generateDebugResValues UP-TO-DATE
:app:generateDebugResources UP-TO-DATE
:app:processDebugGoogleServices
Parsing json file: /Users/xzheng/Documents/Development/Udemy/Android/bucket-drops-clones/TrackThisTask/app/google-services.json
:app:mergeDebugResources
:app:createDebugCompatibleScreenManifests UP-TO-DATE
:app:processDebugManifest
:app:splitsDiscoveryTaskDebug UP-TO-DATE
:app:processDebugResources
AGPBI: {"kind":"error","text":"error: resource android:attr/colorError not found.","sources":[{"file":"/Users/xzheng/.gradle/caches/transforms-1/files-1.1/appcompat-v7-26.1.0.aar/a34a33307612c0bd914190a28690d024/res/values-v26/values-v26.xml","position":{"startLine":8,"startColumn":4,"startOffset":431,"endLine":11,"endColumn":12,"endOffset":652}}],"original":"","tool":"AAPT"}
AGPBI: {"kind":"error","text":"error: resource android:attr/colorError not found.","sources":[{"file":"/Users/xzheng/.gradle/caches/transforms-1/files-1.1/appcompat-v7-26.1.0.aar/a34a33307612c0bd914190a28690d024/res/values-v26/values-v26.xml","position":{"startLine":12,"startColumn":4,"startOffset":657,"endLine":15,"endColumn":12,"endOffset":891}}],"original":"","tool":"AAPT"}
AGPBI: {"kind":"error","text":"error: style attribute \u0027android:attr/keyboardNavigationCluster\u0027 not found.","sources":[{"file":"/Users/xzheng/.gradle/caches/transforms-1/files-1.1/design-26.1.0.aar/34e83ff2d29c26fe9c93a93a503475c5/res/values-v26/values-v26.xml","position":{"startLine":2,"startColumn":4,"startOffset":55,"endLine":5,"endColumn":12,"endOffset":294}}],"original":"","tool":"AAPT"}
AGPBI: {"kind":"error","text":"error: style attribute \u0027android:attr/keyboardNavigationCluster\u0027 not found.","sources":[{"file":"/Users/xzheng/.gradle/caches/transforms-1/files-1.1/appcompat-v7-26.1.0.aar/a34a33307612c0bd914190a28690d024/res/values-v26/values-v26.xml","position":{"startLine":16,"startColumn":4,"startOffset":896,"endColumn":92,"endOffset":984}}],"original":"","tool":"AAPT"}
AGPBI: {"kind":"error","text":"error: resource android:attr/keyboardNavigationCluster not found.","sources":[{"file":"/Users/xzheng/.gradle/caches/transforms-1/files-1.1/appcompat-v7-26.1.0.aar/a34a33307612c0bd914190a28690d024/res/values/values.xml","position":{"startLine":245,"startColumn":4,"startOffset":26813,"endColumn":68,"endOffset":26877}}],"original":"","tool":"AAPT"}
/Users/xzheng/Documents/Development/Udemy/Android/bucket-drops-clones/TrackThisTask/app/build/intermediates/incremental/mergeDebugResources/merged.dir/values-v26/values-v26.xml:7: error: resource android:attr/colorError not found.
/Users/xzheng/Documents/Development/Udemy/Android/bucket-drops-clones/TrackThisTask/app/build/intermediates/incremental/mergeDebugResources/merged.dir/values-v26/values-v26.xml:11: error: resource android:attr/colorError not found.
/Users/xzheng/Documents/Development/Udemy/Android/bucket-drops-clones/TrackThisTask/app/build/intermediates/incremental/mergeDebugResources/merged.dir/values-v26/values-v26.xml:15: error: style attribute 'android:attr/keyboardNavigationCluster' not found.
/Users/xzheng/Documents/Development/Udemy/Android/bucket-drops-clones/TrackThisTask/app/build/intermediates/incremental/mergeDebugResources/merged.dir/values-v26/values-v26.xml:18: error: style attribute 'android:attr/keyboardNavigationCluster' not found.
/Users/xzheng/Documents/Development/Udemy/Android/bucket-drops-clones/TrackThisTask/app/build/intermediates/incremental/mergeDebugResources/merged.dir/values/values.xml:164: error: resource android:attr/keyboardNavigationCluster not found.
error: failed linking references.

Failed to execute aapt
com.android.ide.common.process.ProcessException: Failed to execute aapt
	at com.android.builder.core.AndroidBuilder.processResources(AndroidBuilder.java:796)
	at com.android.build.gradle.tasks.ProcessAndroidResources.invokeAaptForSplit(ProcessAndroidResources.java:551)
	at com.android.build.gradle.tasks.ProcessAndroidResources.doFullTaskAction(ProcessAndroidResources.java:285)
	at com.android.build.gradle.internal.tasks.IncrementalTask.taskAction(IncrementalTask.java:109)
	at sun.reflect.GeneratedMethodAccessor918.invoke(Unknown Source)
	at sun.reflect.DelegatingMethodAccessorImpl.invoke(DelegatingMethodAccessorImpl.java:43)
	at java.lang.reflect.Method.invoke(Method.java:498)
	at org.gradle.internal.reflect.JavaMethod.invoke(JavaMethod.java:73)
	at org.gradle.api.internal.project.taskfactory.DefaultTaskClassInfoStore$IncrementalTaskAction.doExecute(DefaultTaskClassInfoStore.java:173)
	at org.gradle.api.internal.project.taskfactory.DefaultTaskClassInfoStore$StandardTaskAction.execute(DefaultTaskClassInfoStore.java:134)
	at org.gradle.api.internal.project.taskfactory.DefaultTaskClassInfoStore$StandardTaskAction.execute(DefaultTaskClassInfoStore.java:121)
	at org.gradle.api.internal.tasks.execution.ExecuteActionsTaskExecuter$1.run(ExecuteActionsTaskExecuter.java:122)
	at org.gradle.internal.progress.DefaultBuildOperationExecutor$RunnableBuildOperationWorker.execute(DefaultBuildOperationExecutor.java:336)
	at org.gradle.internal.progress.DefaultBuildOperationExecutor$RunnableBuildOperationWorker.execute(DefaultBuildOperationExecutor.java:328)
	at org.gradle.internal.progress.DefaultBuildOperationExecutor.execute(DefaultBuildOperationExecutor.java:197)
	at org.gradle.internal.progress.DefaultBuildOperationExecutor.run(DefaultBuildOperationExecutor.java:107)
	at org.gradle.api.internal.tasks.execution.ExecuteActionsTaskExecuter.executeAction(ExecuteActionsTaskExecuter.java:111)
	at org.gradle.api.internal.tasks.execution.ExecuteActionsTaskExecuter.executeActions(ExecuteActionsTaskExecuter.java:92)
	at org.gradle.api.internal.tasks.execution.ExecuteActionsTaskExecuter.execute(ExecuteActionsTaskExecuter.java:70)
	at org.gradle.api.internal.tasks.execution.SkipUpToDateTaskExecuter.execute(SkipUpToDateTaskExecuter.java:63)
	at org.gradle.api.internal.tasks.execution.ResolveTaskOutputCachingStateExecuter.execute(ResolveTaskOutputCachingStateExecuter.java:54)
	at org.gradle.api.internal.tasks.execution.ValidatingTaskExecuter.execute(ValidatingTaskExecuter.java:58)
	at org.gradle.api.internal.tasks.execution.SkipEmptySourceFilesTaskExecuter.execute(SkipEmptySourceFilesTaskExecuter.java:88)
	at org.gradle.api.internal.tasks.execution.ResolveTaskArtifactStateTaskExecuter.execute(ResolveTaskArtifactStateTaskExecuter.java:52)
	at org.gradle.api.internal.tasks.execution.SkipTaskWithNoActionsExecuter.execute(SkipTaskWithNoActionsExecuter.java:52)
	at org.gradle.api.internal.tasks.execution.SkipOnlyIfTaskExecuter.execute(SkipOnlyIfTaskExecuter.java:54)
	at org.gradle.api.internal.tasks.execution.ExecuteAtMostOnceTaskExecuter.execute(ExecuteAtMostOnceTaskExecuter.java:43)
	at org.gradle.api.internal.tasks.execution.CatchExceptionTaskExecuter.execute(CatchExceptionTaskExecuter.java:34)
	at org.gradle.execution.taskgraph.DefaultTaskGraphExecuter$EventFiringTaskWorker$1.run(DefaultTaskGraphExecuter.java:248)
	at org.gradle.internal.progress.DefaultBuildOperationExecutor$RunnableBuildOperationWorker.execute(DefaultBuildOperationExecutor.java:336)
	at org.gradle.internal.progress.DefaultBuildOperationExecutor$RunnableBuildOperationWorker.execute(DefaultBuildOperationExecutor.java:328)
	at org.gradle.internal.progress.DefaultBuildOperationExecutor.execute(DefaultBuildOperationExecutor.java:197)
	at org.gradle.internal.progress.DefaultBuildOperationExecutor.run(DefaultBuildOperationExecutor.java:107)
	at org.gradle.execution.taskgraph.DefaultTaskGraphExecuter$EventFiringTaskWorker.execute(DefaultTaskGraphExecuter.java:241)
	at org.gradle.execution.taskgraph.DefaultTaskGraphExecuter$EventFiringTaskWorker.execute(DefaultTaskGraphExecuter.java:230)
	at org.gradle.execution.taskgraph.DefaultTaskPlanExecutor$TaskExecutorWorker.processTask(DefaultTaskPlanExecutor.java:124)
	at org.gradle.execution.taskgraph.DefaultTaskPlanExecutor$TaskExecutorWorker.access$200(DefaultTaskPlanExecutor.java:80)
	at org.gradle.execution.taskgraph.DefaultTaskPlanExecutor$TaskExecutorWorker$1.execute(DefaultTaskPlanExecutor.java:105)
	at org.gradle.execution.taskgraph.DefaultTaskPlanExecutor$TaskExecutorWorker$1.execute(DefaultTaskPlanExecutor.java:99)
	at org.gradle.execution.taskgraph.DefaultTaskExecutionPlan.execute(DefaultTaskExecutionPlan.java:625)
	at org.gradle.execution.taskgraph.DefaultTaskExecutionPlan.executeWithTask(DefaultTaskExecutionPlan.java:580)
	at org.gradle.execution.taskgraph.DefaultTaskPlanExecutor$TaskExecutorWorker.run(DefaultTaskPlanExecutor.java:99)
	at org.gradle.internal.concurrent.ExecutorPolicy$CatchAndRecordFailures.onExecute(ExecutorPolicy.java:63)
	at org.gradle.internal.concurrent.ManagedExecutorImpl$1.run(ManagedExecutorImpl.java:46)
	at java.util.concurrent.ThreadPoolExecutor.runWorker(ThreadPoolExecutor.java:1142)
	at java.util.concurrent.ThreadPoolExecutor$Worker.run(ThreadPoolExecutor.java:617)
	at org.gradle.internal.concurrent.ThreadFactoryImpl$ManagedThreadRunnable.run(ThreadFactoryImpl.java:55)
	at java.lang.Thread.run(Thread.java:745)
Caused by: java.util.concurrent.ExecutionException: java.util.concurrent.ExecutionException: com.android.tools.aapt2.Aapt2Exception: AAPT2 error: check logs for details
	at com.google.common.util.concurrent.AbstractFuture.getDoneValue(AbstractFuture.java:503)
	at com.google.common.util.concurrent.AbstractFuture.get(AbstractFuture.java:482)
	at com.google.common.util.concurrent.AbstractFuture$TrustedFuture.get(AbstractFuture.java:79)
	at com.android.builder.core.AndroidBuilder.processResources(AndroidBuilder.java:794)
	... 47 more
Caused by: java.util.concurrent.ExecutionException: com.android.tools.aapt2.Aapt2Exception: AAPT2 error: check logs for details
	at com.google.common.util.concurrent.AbstractFuture.getDoneValue(AbstractFuture.java:503)
	at com.google.common.util.concurrent.AbstractFuture.get(AbstractFuture.java:462)
	at com.google.common.util.concurrent.AbstractFuture$TrustedFuture.get(AbstractFuture.java:79)
	at com.android.builder.internal.aapt.v2.QueueableAapt2.lambda$makeValidatedPackage$1(QueueableAapt2.java:179)
	at java.util.concurrent.ThreadPoolExecutor.runWorker(ThreadPoolExecutor.java:1142)
	at java.util.concurrent.ThreadPoolExecutor$Worker.run(ThreadPoolExecutor.java:617)
	... 1 more
Caused by: com.android.tools.aapt2.Aapt2Exception: AAPT2 error: check logs for details
	at com.android.builder.png.AaptProcess$NotifierProcessOutput.handleOutput(AaptProcess.java:454)
	at com.android.builder.png.AaptProcess$NotifierProcessOutput.err(AaptProcess.java:411)
	at com.android.builder.png.AaptProcess$ProcessOutputFacade.err(AaptProcess.java:332)
	at com.android.utils.GrabProcessOutput$1.run(GrabProcessOutput.java:104)

 FAILED

FAILURE: Build failed with an exception.

* What went wrong:
Execution failed for task ':app:processDebugResources'.
> Failed to execute aapt

* Try:
Run with --stacktrace option to get the stack trace. Run with --info or --debug option to get more log output.

* Get more help at https://help.gradle.org

BUILD FAILED in 3s

13 actionable tasks: 5 executed, 8 up-to-date
